<?xml version="1.0" encoding="UTF-8"?>
<testng-results ignored="0" total="2" passed="2" failed="0" skipped="0">
  <reporter-output>
  </reporter-output>
  <suite started-at="2025-07-27T15:38:16 IST" name="Default suite" finished-at="2025-07-27T15:38:53 IST" duration-ms="36680">
    <groups>
    </groups>
    <test started-at="2025-07-27T15:38:16 IST" name="Default test" finished-at="2025-07-27T15:38:53 IST" duration-ms="36680">
      <class name="Scenario1.TestingLoginFunctionality">
        <test-method is-config="true" signature="beforeTest()[pri:0, instance:Scenario1.TestingLoginFunctionality@385c9627]" started-at="2025-07-27T15:38:16 IST" name="beforeTest" finished-at="2025-07-27T15:38:25 IST" duration-ms="8531" status="PASS">
          <reporter-output>
          </reporter-output>
        </test-method> <!-- beforeTest -->
        <test-method signature="LoginFunctionality()[pri:1, instance:Scenario1.TestingLoginFunctionality@385c9627]" started-at="2025-07-27T15:38:25 IST" name="LoginFunctionality" finished-at="2025-07-27T15:38:49 IST" duration-ms="24261" status="PASS">
          <reporter-output>
          </reporter-output>
        </test-method> <!-- LoginFunctionality -->
        <test-method signature="LogoutFunctionality()[pri:2, instance:Scenario1.TestingLoginFunctionality@385c9627]" started-at="2025-07-27T15:38:49 IST" name="LogoutFunctionality" finished-at="2025-07-27T15:38:52 IST" depends-on-methods="Scenario1.TestingLoginFunctionality.LoginFunctionality" duration-ms="2699" status="PASS">
          <reporter-output>
          </reporter-output>
        </test-method> <!-- LogoutFunctionality -->
        <test-method is-config="true" signature="afterTest()[pri:0, instance:Scenario1.TestingLoginFunctionality@385c9627]" started-at="2025-07-27T15:38:52 IST" name="afterTest" finished-at="2025-07-27T15:38:53 IST" duration-ms="1111" status="PASS">
          <reporter-output>
          </reporter-output>
        </test-method> <!-- afterTest -->
      </class> <!-- Scenario1.TestingLoginFunctionality -->
    </test> <!-- Default test -->
  </suite> <!-- Default suite -->
</testng-results>
