<?xml version="1.0" encoding="UTF-8"?>
<!-- Generated by org.testng.reporters.JUnitXMLReporter -->
<testsuite ignored="6" hostname="DESKTOP-5OT4PUP" failures="0" tests="8" name="MyTest" time="21.428" errors="0" timestamp="2025-07-26T17:10:26 IST">
  <testcase classname="tests.LoginTest" name="testLoginWithNoCredentials" time="1.768"/>
  <testcase classname="tests.LoginTest" name="testLoginWithInvalidCredentials" time="1.531"/>
  <testcase classname="tests.LoginTest" name="testLoginWithValidCredentials" time="0.649"/>
  <testcase classname="tests.AddToCartTest" name="addSingleItemToCart" time="1.923"/>
  <testcase classname="tests.AddToCartTest" name="addMultipleItemsToCart" time="2.193"/>
  <testcase classname="tests.AddToCartTest" name="removeItemsFromCart" time="1.275"/>
  <testcase classname="tests.CheckoutTest" name="checkOutWithNoItems" time="0.298"/>
  <testcase classname="tests.CheckoutTest" name="properCheckOut" time="2.901"/>
  <testcase classname="Base.BaseTest" name="@BeforeSuite extentReport" time="0.0">
    <ignored/>
  </testcase> <!-- @BeforeSuite extentReport -->
  <testcase classname="Base.BaseTest" name="@AfterSuite flushExtent" time="0.0">
    <ignored/>
  </testcase> <!-- @AfterSuite flushExtent -->
  <testcase classname="Base.BaseTest" name="@BeforeSuite extentReport" time="0.0">
    <ignored/>
  </testcase> <!-- @BeforeSuite extentReport -->
  <testcase classname="Base.BaseTest" name="@AfterSuite flushExtent" time="0.0">
    <ignored/>
  </testcase> <!-- @AfterSuite flushExtent -->
  <testcase classname="Base.BaseTest" name="@BeforeSuite extentReport" time="0.0">
    <ignored/>
  </testcase> <!-- @BeforeSuite extentReport -->
  <testcase classname="Base.BaseTest" name="@AfterSuite flushExtent" time="0.0">
    <ignored/>
  </testcase> <!-- @AfterSuite flushExtent -->
</testsuite> <!-- MyTest -->
