<?xml version="1.0" encoding="UTF-8"?>
<testng-results ignored="0" total="10" passed="10" failed="0" skipped="0">
  <reporter-output>
  </reporter-output>
  <suite started-at="2025-07-27T12:32:45 IST" name="Default suite" finished-at="2025-07-27T12:33:05 IST" duration-ms="19756">
    <groups>
    </groups>
    <test started-at="2025-07-27T12:32:45 IST" name="Default test" finished-at="2025-07-27T12:33:05 IST" duration-ms="19756">
      <class name="capstoneProject.ProjectUsingRestAssured">
        <test-method signature="addNewUser()[pri:1, instance:capstoneProject.ProjectUsingRestAssured@4802796d]" started-at="2025-07-27T12:32:45 IST" name="addNewUser" finished-at="2025-07-27T12:32:51 IST" duration-ms="6284" status="PASS">
          <reporter-output>
          </reporter-output>
        </test-method> <!-- addNewUser -->
        <test-method signature="getUserProfile()[pri:2, instance:capstoneProject.ProjectUsingRestAssured@4802796d]" started-at="2025-07-27T12:32:51 IST" name="getUserProfile" finished-at="2025-07-27T12:32:53 IST" depends-on-methods="capstoneProject.ProjectUsingRestAssured.addNewUser" duration-ms="1518" status="PASS">
          <reporter-output>
          </reporter-output>
        </test-method> <!-- getUserProfile -->
        <test-method signature="updateUser()[pri:3, instance:capstoneProject.ProjectUsingRestAssured@4802796d]" started-at="2025-07-27T12:32:53 IST" name="updateUser" finished-at="2025-07-27T12:32:54 IST" depends-on-methods="capstoneProject.ProjectUsingRestAssured.addNewUser" duration-ms="1442" status="PASS">
          <reporter-output>
          </reporter-output>
        </test-method> <!-- updateUser -->
        <test-method signature="logInUser()[pri:4, instance:capstoneProject.ProjectUsingRestAssured@4802796d]" started-at="2025-07-27T12:32:54 IST" name="logInUser" finished-at="2025-07-27T12:32:56 IST" depends-on-methods="capstoneProject.ProjectUsingRestAssured.updateUser" duration-ms="1496" status="PASS">
          <reporter-output>
          </reporter-output>
        </test-method> <!-- logInUser -->
        <test-method signature="addContact()[pri:5, instance:capstoneProject.ProjectUsingRestAssured@4802796d]" started-at="2025-07-27T12:32:56 IST" name="addContact" finished-at="2025-07-27T12:32:57 IST" depends-on-methods="capstoneProject.ProjectUsingRestAssured.logInUser" duration-ms="1561" status="PASS">
          <reporter-output>
          </reporter-output>
        </test-method> <!-- addContact -->
        <test-method signature="getContactList()[pri:6, instance:capstoneProject.ProjectUsingRestAssured@4802796d]" started-at="2025-07-27T12:32:57 IST" name="getContactList" finished-at="2025-07-27T12:32:59 IST" depends-on-methods="capstoneProject.ProjectUsingRestAssured.logInUser" duration-ms="1440" status="PASS">
          <reporter-output>
          </reporter-output>
        </test-method> <!-- getContactList -->
        <test-method signature="getContact()[pri:7, instance:capstoneProject.ProjectUsingRestAssured@4802796d]" started-at="2025-07-27T12:32:59 IST" name="getContact" finished-at="2025-07-27T12:33:00 IST" depends-on-methods="capstoneProject.ProjectUsingRestAssured.addContact, capstoneProject.ProjectUsingRestAssured.logInUser" duration-ms="1451" status="PASS">
          <reporter-output>
          </reporter-output>
        </test-method> <!-- getContact -->
        <test-method signature="updateContact()[pri:8, instance:capstoneProject.ProjectUsingRestAssured@4802796d]" started-at="2025-07-27T12:33:00 IST" name="updateContact" finished-at="2025-07-27T12:33:02 IST" depends-on-methods="capstoneProject.ProjectUsingRestAssured.addContact, capstoneProject.ProjectUsingRestAssured.logInUser" duration-ms="1487" status="PASS">
          <reporter-output>
          </reporter-output>
        </test-method> <!-- updateContact -->
        <test-method signature="partialUpdateContact()[pri:9, instance:capstoneProject.ProjectUsingRestAssured@4802796d]" started-at="2025-07-27T12:33:02 IST" name="partialUpdateContact" finished-at="2025-07-27T12:33:03 IST" depends-on-methods="capstoneProject.ProjectUsingRestAssured.addContact, capstoneProject.ProjectUsingRestAssured.logInUser" duration-ms="1476" status="PASS">
          <reporter-output>
          </reporter-output>
        </test-method> <!-- partialUpdateContact -->
        <test-method signature="logOutUser()[pri:10, instance:capstoneProject.ProjectUsingRestAssured@4802796d]" started-at="2025-07-27T12:33:03 IST" name="logOutUser" finished-at="2025-07-27T12:33:05 IST" depends-on-methods="capstoneProject.ProjectUsingRestAssured.partialUpdateContact" duration-ms="1465" status="PASS">
          <reporter-output>
          </reporter-output>
        </test-method> <!-- logOutUser -->
      </class> <!-- capstoneProject.ProjectUsingRestAssured -->
    </test> <!-- Default test -->
  </suite> <!-- Default suite -->
</testng-results>
