<?xml version="1.0" encoding="UTF-8"?>
<!-- Generated by org.testng.reporters.JUnitXMLReporter -->
<testsuite ignored="0" hostname="DESKTOP-5OT4PUP" failures="0" tests="10" name="Default test" time="19.756" errors="0" timestamp="2025-07-27T12:33:05 IST">
  <testcase classname="capstoneProject.ProjectUsingRestAssured" name="addNewUser" time="6.284"/>
  <testcase classname="capstoneProject.ProjectUsingRestAssured" name="getUserProfile" time="1.518"/>
  <testcase classname="capstoneProject.ProjectUsingRestAssured" name="updateUser" time="1.442"/>
  <testcase classname="capstoneProject.ProjectUsingRestAssured" name="logInUser" time="1.496"/>
  <testcase classname="capstoneProject.ProjectUsingRestAssured" name="addContact" time="1.561"/>
  <testcase classname="capstoneProject.ProjectUsingRestAssured" name="getContactList" time="1.44"/>
  <testcase classname="capstoneProject.ProjectUsingRestAssured" name="getContact" time="1.451"/>
  <testcase classname="capstoneProject.ProjectUsingRestAssured" name="updateContact" time="1.487"/>
  <testcase classname="capstoneProject.ProjectUsingRestAssured" name="partialUpdateContact" time="1.476"/>
  <testcase classname="capstoneProject.ProjectUsingRestAssured" name="logOutUser" time="1.465"/>
</testsuite> <!-- Default test -->
